<?xml version="1.0" encoding="UTF-8"?>
<testsuite xmlns:xsi="http://www.w3.org/2001/XMLSchema-instance" xsi:noNamespaceSchemaLocation="https://maven.apache.org/surefire/maven-surefire-plugin/xsd/surefire-test-report.xsd" version="3.0.2" name="com.example.middleearth.MiddleearthApplicationTests" time="2.344" tests="1" errors="0" skipped="0" failures="0" flakes="0">
  <properties>
[...]
</properties>
  <testcase name="contextLoads" classname="com.example.middleearth.MiddleearthApplicationTests" time="0.531">
    <system-out><![CDATA[12:52:35.342 [main] INFO org.springframework.test.context.support.AnnotationConfigContextLoaderUtils -- Could not detect default configuration classes for test class [com.example.middleearth.MiddleearthApplicationTests]: MiddleearthApplicationTests does not declare any static, non-private, non-final, nested classes annotated with @Configuration.
12:52:35.528 [main] INFO org.springframework.boot.test.context.SpringBootTestContextBootstrapper -- Found @SpringBootConfiguration com.example.middleearth.MiddleearthApplication for test class com.example.middleearth.MiddleearthApplicationTests
12:52:35.637 [main] INFO org.springframework.test.context.support.AnnotationConfigContextLoaderUtils -- Could not detect default configuration classes for test class [com.example.middleearth.MiddleearthApplicationTests]: MiddleearthApplicationTests does not declare any static, non-private, non-final, nested classes annotated with @Configuration.
12:52:35.638 [main] INFO org.springframework.boot.test.context.SpringBootTestContextBootstrapper -- Found @SpringBootConfiguration com.example.middleearth.MiddleearthApplication for test class com.example.middleearth.MiddleearthApplicationTests
12:52:35.693 [main] INFO org.springframework.boot.devtools.restart.RestartApplicationListener -- Restart disabled due to context in which it is running

  .   ____          _            __ _ _
 /\\ / ___'_ __ _ _(_)_ __  __ _ \ \ \ \
( ( )\___ | '_ | '_| | '_ \/ _` | \ \ \ \
 \\/  ___)| |_)| | | | | || (_| |  ) ) ) )
  '  |____| .__|_| |_|_| |_\__, | / / / /
 =========|_|==============|___/=/_/_/_/

 :: Spring Boot ::                (v4.0.6)

2026-05-13T12:52:35.893-05:00  INFO 13220 --- [middleearth] [           main] c.e.m.MiddleearthApplicationTests        : Starting MiddleearthApplicationTests using Java 25.0.2 with PID 13220 (started by USER in C:\Users\USER\Documents\NetBeansProjects\middleEarthSpring)
2026-05-13T12:52:35.895-05:00  INFO 13220 --- [middleearth] [           main] c.e.m.MiddleearthApplicationTests        : No active profile set, falling back to 1 default profile: "default"
2026-05-13T12:52:36.585-05:00  INFO 13220 --- [middleearth] [           main] o.s.b.w.a.WelcomePageHandlerMapping      : Adding welcome page: class path resource [static/index.html]
2026-05-13T12:52:36.958-05:00  INFO 13220 --- [middleearth] [           main] c.e.m.MiddleearthApplicationTests        : Started MiddleearthApplicationTests in 1.274 seconds (process running for 2.445)
]]></system-out>
    <system-err><![CDATA[Mockito is currently self-attaching to enable the inline-mock-maker. This will no longer work in future releases of the JDK. Please add Mockito as an agent to your build as described in Mockito's documentation: https://javadoc.io/doc/org.mockito/mockito-core/latest/org.mockito/org/mockito/Mockito.html#0.3
WARNING: A Java agent has been loaded dynamically (C:\Users\USER\.m2\repository\net\bytebuddy\byte-buddy-agent\1.17.8\byte-buddy-agent-1.17.8.jar)
WARNING: If a serviceability tool is in use, please run with -XX:+EnableDynamicAgentLoading to hide this warning
WARNING: If a serviceability tool is not in use, please run with -Djdk.instrument.traceUsage for more information
WARNING: Dynamic loading of agents will be disallowed by default in a future release
]]></system-err>
  </testcase>
</testsuite>